[debug] [2021-04-08T14:16:10.609Z] ----------------------------------------------------------------------
[debug] [2021-04-08T14:16:10.611Z] Command:       C:\Program Files\nodejs\node.exe C:\Users\acer\AppData\Roaming\npm\node_modules\firebase-tools\lib\bin\firebase.js init
[debug] [2021-04-08T14:16:10.611Z] CLI Version:   9.6.1
[debug] [2021-04-08T14:16:10.611Z] Platform:      win32
[debug] [2021-04-08T14:16:10.611Z] Node Version:  v14.15.3
[debug] [2021-04-08T14:16:10.612Z] Time:          Thu Apr 08 2021 20:16:10 GMT+0600 (Bangladesh Standard Time)
[debug] [2021-04-08T14:16:10.612Z] ----------------------------------------------------------------------
[debug] [2021-04-08T14:16:10.612Z] 
[debug] [2021-04-08T14:16:10.614Z] >>> [apiv2][query] GET https://firebase-public.firebaseio.com/cli.json [none]
[debug] [2021-04-08T14:16:10.631Z] > command requires scopes: ["email","openid","https://www.googleapis.com/auth/cloudplatformprojects.readonly","https://www.googleapis.com/auth/firebase","https://www.googleapis.com/auth/cloud-platform"]
[debug] [2021-04-08T14:16:10.632Z] > authorizing via signed-in user
[info] 
     ######## #### ########  ######## ########     ###     ######  ########
     ##        ##  ##     ## ##       ##     ##  ##   ##  ##       ##
     ######    ##  ########  ######   ########  #########  ######  ######
     ##        ##  ##    ##  ##       ##     ## ##     ##       ## ##
     ##       #### ##     ## ######## ########  ##     ##  ######  ########

You're about to initialize a Firebase project in this directory:

  C:\projects\redux-context

Before we get started, keep in mind:

  * You are currently outside your home directory

[debug] [2021-04-08T14:16:11.773Z] <<< [apiv2][status] GET https://firebase-public.firebaseio.com/cli.json 200
[debug] [2021-04-08T14:16:11.773Z] <<< [apiv2][body] GET https://firebase-public.firebaseio.com/cli.json {"cloudBuildErrorAfter":1594252800000,"cloudBuildWarnAfter":1590019200000,"defaultNode10After":1594252800000,"minVersion":"3.0.5","node8DeploysDisabledAfter":1613390400000,"node8RuntimeDisabledAfter":1615809600000,"node8WarnAfter":1600128000000}
